[7588:11224:0101/155046:INFO:AppRunner.cpp(611)] Begin run process geeplayer, -runfrom openimage "F:\html5大作业\fish\src\53d9ea3da920c.psd", mainplugin is mainPlugin
[7588:11224:0101/155046:INFO:AppRunner.cpp(617)] ProductName is GeePlayer1
[7588:11224:0101/155046:INFO:ChannelManager.cpp(1219)] create connection thread
[7588:11224:0101/155046:INFO:AppRunner.cpp(661)] apppluginbase version is 5.1.3.13
[7588:11224:0101/155046:INFO:UIlib.cpp(192)] quilib: version is 5.1.3.9
[7588:11224:0101/155046:INFO:serviceManager.cpp(508)] mainprocessisrunning key is set as 1
[7588:11224:0101/155046:INFO:serviceManager.cpp(629)] create local service plugin PluginServerStatePlugin
[7588:11224:0101/155046:INFO:serviceManager.cpp(687)] plugin PluginServerStatePlugin DoPluginInit
[7588:11224:0101/155046:INFO:serviceManager.cpp(1272)] repository parse over
[7588:11224:0101/155046:INFO:DomainManager.cpp(244)] create global domain channel list::QyClient.exe
[7588:11224:0101/155046:INFO:ChannelManager.cpp(504)] create list::QyClient.exe:: process object
[7588:11224:0101/155046:INFO:LpcProcess.cpp(242)] create default channel GeePlayer1::geeplayer.exe::::list::QyClient.exe::::
[7588:11224:0101/155047:INFO:UIManager.cpp(383)] quilib:call set resouce path, path is c:\program files (x86)\iqiyi video\geeplayer\3.0.40.3591\skin
[7588:11224:0101/155047:INFO:UIMarkup.cpp(395)] quilib:Open Resource failed, Path is c:\program files (x86)\iqiyi video\geeplayer\3.0.40.3591\skin\StyleTable.xml, last error is0
[7588:11224:0101/155047:INFO:UIDlgBuilder.cpp(512)] quilib:create root control failed
[7588:11224:0101/155047:INFO:UIDlgBuilder.cpp(512)] quilib:create root control failed
[7588:11224:0101/155047:INFO:UIDlgBuilder.cpp(512)] quilib:create root control failed
[7588:11224:0101/155047:INFO:UIDlgBuilder.cpp(512)] quilib:create root control failed
[7588:11224:0101/155047:INFO:UIDlgBuilder.cpp(512)] quilib:create root control failed
[7588:11224:0101/155047:INFO:UIDlgBuilder.cpp(512)] quilib:create root control failed
[7588:11224:0101/155051:INFO:UIRender.cpp(1160)] --UIRender DrawImage return false, hBitmap==NULL, sImageName:
[7588:11224:0101/155051:INFO:UIRender.cpp(1160)] --UIRender DrawImage return false, hBitmap==NULL, sImageName:
[7588:11224:0101/155051:INFO:UIRender.cpp(1160)] --UIRender DrawImage return false, hBitmap==NULL, sImageName:
[7588:11224:0101/155051:INFO:UIRender.cpp(1160)] --UIRender DrawImage return false, hBitmap==NULL, sImageName:
[7588:11224:0101/155051:INFO:UIRender.cpp(1160)] --UIRender DrawImage return false, hBitmap==NULL, sImageName:
[7588:11224:0101/155051:INFO:UIRender.cpp(1160)] --UIRender DrawImage return false, hBitmap==NULL, sImageName:
[7588:11224:0101/155051:INFO:UIRender.cpp(1160)] --UIRender DrawImage return false, hBitmap==NULL, sImageName:
[7588:11224:0101/155051:INFO:UIRender.cpp(1160)] --UIRender DrawImage return false, hBitmap==NULL, sImageName:
[7588:11224:0101/155051:INFO:UIRender.cpp(1160)] --UIRender DrawImage return false, hBitmap==NULL, sImageName:
[7588:11224:0101/155051:INFO:UIRender.cpp(1160)] --UIRender DrawImage return false, hBitmap==NULL, sImageName:
[7588:11224:0101/155051:INFO:UIRender.cpp(1160)] --UIRender DrawImage return false, hBitmap==NULL, sImageName:
[7588:11224:0101/155051:INFO:UIRender.cpp(1160)] --UIRender DrawImage return false, hBitmap==NULL, sImageName:
[7588:11224:0101/155051:INFO:UIRender.cpp(1160)] --UIRender DrawImage return false, hBitmap==NULL, sImageName:
[7588:11224:0101/155051:INFO:UIRender.cpp(1160)] --UIRender DrawImage return false, hBitmap==NULL, sImageName:
[7588:11224:0101/155051:INFO:UIRender.cpp(1160)] --UIRender DrawImage return false, hBitmap==NULL, sImageName:
[7588:11224:0101/155051:INFO:UIRender.cpp(1160)] --UIRender DrawImage return false, hBitmap==NULL, sImageName:
[7588:11224:0101/155051:INFO:UIRender.cpp(1160)] --UIRender DrawImage return false, hBitmap==NULL, sImageName:
[7588:11224:0101/155051:INFO:UIRender.cpp(1160)] --UIRender DrawImage return false, hBitmap==NULL, sImageName:
[7588:11224:0101/155054:INFO:UIRender.cpp(1160)] --UIRender DrawImage return false, hBitmap==NULL, sImageName:
[7588:11224:0101/155054:INFO:UIRender.cpp(1160)] --UIRender DrawImage return false, hBitmap==NULL, sImageName:
[7588:11224:0101/155054:INFO:UIRender.cpp(1160)] --UIRender DrawImage return false, hBitmap==NULL, sImageName:
[7588:11224:0101/155054:INFO:UIRender.cpp(1160)] --UIRender DrawImage return false, hBitmap==NULL, sImageName:
[7588:11224:0101/155054:INFO:UIRender.cpp(1160)] --UIRender DrawImage return false, hBitmap==NULL, sImageName:
[7588:11224:0101/155054:INFO:UIRender.cpp(1160)] --UIRender DrawImage return false, hBitmap==NULL, sImageName:
[7588:11224:0101/155054:INFO:UIRender.cpp(1160)] --UIRender DrawImage return false, hBitmap==NULL, sImageName:
[7588:11224:0101/155054:INFO:UIRender.cpp(1160)] --UIRender DrawImage return false, hBitmap==NULL, sImageName:
[7588:11224:0101/155054:INFO:UIRender.cpp(1160)] --UIRender DrawImage return false, hBitmap==NULL, sImageName:
[7588:11224:0101/155054:INFO:UIRender.cpp(1160)] --UIRender DrawImage return false, hBitmap==NULL, sImageName:
[7588:11224:0101/155054:INFO:UIRender.cpp(1160)] --UIRender DrawImage return false, hBitmap==NULL, sImageName:
[7588:11224:0101/155054:INFO:UIRender.cpp(1160)] --UIRender DrawImage return false, hBitmap==NULL, sImageName:
[7588:11224:0101/155054:INFO:UIRender.cpp(1160)] --UIRender DrawImage return false, hBitmap==NULL, sImageName:
[7588:11224:0101/155054:INFO:UIRender.cpp(1160)] --UIRender DrawImage return false, hBitmap==NULL, sImageName:
[7588:11224:0101/155054:INFO:UIRender.cpp(1160)] --UIRender DrawImage return false, hBitmap==NULL, sImageName:
[7588:11224:0101/155054:INFO:UIRender.cpp(1160)] --UIRender DrawImage return false, hBitmap==NULL, sImageName:
[7588:11224:0101/155054:INFO:UIRender.cpp(1160)] --UIRender DrawImage return false, hBitmap==NULL, sImageName:
[7588:11224:0101/155054:INFO:UIRender.cpp(1160)] --UIRender DrawImage return false, hBitmap==NULL, sImageName:
[7588:11224:0101/155054:INFO:UIRender.cpp(1160)] --UIRender DrawImage return false, hBitmap==NULL, sImageName:
[7588:11224:0101/155054:INFO:UIRender.cpp(1160)] --UIRender DrawImage return false, hBitmap==NULL, sImageName:
[7588:11224:0101/155054:INFO:UIRender.cpp(1160)] --UIRender DrawImage return false, hBitmap==NULL, sImageName:
[7588:11224:0101/155054:INFO:UIRender.cpp(1160)] --UIRender DrawImage return false, hBitmap==NULL, sImageName:
[7588:11224:0101/155054:INFO:UIRender.cpp(1160)] --UIRender DrawImage return false, hBitmap==NULL, sImageName:
[7588:11224:0101/155054:INFO:UIRender.cpp(1160)] --UIRender DrawImage return false, hBitmap==NULL, sImageName:
[7588:11224:0101/155054:INFO:UIRender.cpp(1160)] --UIRender DrawImage return false, hBitmap==NULL, sImageName:
[7588:11224:0101/155054:INFO:UIRender.cpp(1160)] --UIRender DrawImage return false, hBitmap==NULL, sImageName:
[7588:11224:0101/155054:INFO:UIRender.cpp(1160)] --UIRender DrawImage return false, hBitmap==NULL, sImageName:
[7588:11224:0101/155054:INFO:UIRender.cpp(1160)] --UIRender DrawImage return false, hBitmap==NULL, sImageName:
[7588:11224:0101/155054:INFO:UIRender.cpp(1160)] --UIRender DrawImage return false, hBitmap==NULL, sImageName:
[7588:11224:0101/155054:INFO:UIRender.cpp(1160)] --UIRender DrawImage return false, hBitmap==NULL, sImageName:
[7588:11224:0101/155054:INFO:UIRender.cpp(1160)] --UIRender DrawImage return false, hBitmap==NULL, sImageName:
[7588:11224:0101/155054:INFO:UIRender.cpp(1160)] --UIRender DrawImage return false, hBitmap==NULL, sImageName:
[7588:11224:0101/155054:INFO:UIRender.cpp(1160)] --UIRender DrawImage return false, hBitmap==NULL, sImageName:
[7588:11224:0101/155054:INFO:UIRender.cpp(1160)] --UIRender DrawImage return false, hBitmap==NULL, sImageName:
[7588:11224:0101/155054:INFO:UIRender.cpp(1160)] --UIRender DrawImage return false, hBitmap==NULL, sImageName:
[7588:11224:0101/155054:INFO:UIRender.cpp(1160)] --UIRender DrawImage return false, hBitmap==NULL, sImageName:
[7588:11224:0101/155054:INFO:UIRender.cpp(1160)] --UIRender DrawImage return false, hBitmap==NULL, sImageName:
[7588:11224:0101/155054:INFO:UIRender.cpp(1160)] --UIRender DrawImage return false, hBitmap==NULL, sImageName:
[7588:11224:0101/155054:INFO:UIRender.cpp(1160)] --UIRender DrawImage return false, hBitmap==NULL, sImageName:
[7588:11224:0101/155054:INFO:UIRender.cpp(1160)] --UIRender DrawImage return false, hBitmap==NULL, sImageName:
[7588:11224:0101/155054:INFO:UIRender.cpp(1160)] --UIRender DrawImage return false, hBitmap==NULL, sImageName:
[7588:11224:0101/155054:INFO:UIRender.cpp(1160)] --UIRender DrawImage return false, hBitmap==NULL, sImageName:
[7588:11224:0101/155054:INFO:UIRender.cpp(1160)] --UIRender DrawImage return false, hBitmap==NULL, sImageName:
[7588:11224:0101/155054:INFO:UIRender.cpp(1160)] --UIRender DrawImage return false, hBitmap==NULL, sImageName:
[7588:11224:0101/155054:INFO:UIRender.cpp(1160)] --UIRender DrawImage return false, hBitmap==NULL, sImageName:
[7588:11224:0101/155054:INFO:UIRender.cpp(1160)] --UIRender DrawImage return false, hBitmap==NULL, sImageName:
[7588:11224:0101/155054:INFO:UIRender.cpp(1160)] --UIRender DrawImage return false, hBitmap==NULL, sImageName:
[7588:11224:0101/155054:INFO:UIRender.cpp(1160)] --UIRender DrawImage return false, hBitmap==NULL, sImageName:
[7588:11224:0101/155054:INFO:UIRender.cpp(1160)] --UIRender DrawImage return false, hBitmap==NULL, sImageName:
[7588:11224:0101/155054:INFO:UIRender.cpp(1160)] --UIRender DrawImage return false, hBitmap==NULL, sImageName:
[7588:11224:0101/155054:INFO:UIRender.cpp(1160)] --UIRender DrawImage return false, hBitmap==NULL, sImageName:
[7588:11224:0101/155054:INFO:UIRender.cpp(1160)] --UIRender DrawImage return false, hBitmap==NULL, sImageName:
[7588:11224:0101/155054:INFO:UIRender.cpp(1160)] --UIRender DrawImage return false, hBitmap==NULL, sImageName:
[7588:11224:0101/155055:INFO:UIRender.cpp(1160)] --UIRender DrawImage return false, hBitmap==NULL, sImageName:
[7588:11224:0101/155055:INFO:UIRender.cpp(1160)] --UIRender DrawImage return false, hBitmap==NULL, sImageName:
[7588:11224:0101/155055:INFO:UIRender.cpp(1160)] --UIRender DrawImage return false, hBitmap==NULL, sImageName:
[7588:11224:0101/155055:INFO:UIRender.cpp(1160)] --UIRender DrawImage return false, hBitmap==NULL, sImageName:
[7588:11224:0101/155055:INFO:UIRender.cpp(1160)] --UIRender DrawImage return false, hBitmap==NULL, sImageName:
[7588:11224:0101/155055:INFO:UIRender.cpp(1160)] --UIRender DrawImage return false, hBitmap==NULL, sImageName:
[7588:11224:0101/155055:INFO:UIRender.cpp(1160)] --UIRender DrawImage return false, hBitmap==NULL, sImageName:
[7588:11224:0101/155055:INFO:UIRender.cpp(1160)] --UIRender DrawImage return false, hBitmap==NULL, sImageName:
[7588:11224:0101/155055:INFO:UIRender.cpp(1160)] --UIRender DrawImage return false, hBitmap==NULL, sImageName:
[7588:11224:0101/155055:INFO:UIRender.cpp(1160)] --UIRender DrawImage return false, hBitmap==NULL, sImageName:
[7588:11224:0101/155055:INFO:UIRender.cpp(1160)] --UIRender DrawImage return false, hBitmap==NULL, sImageName:
[7588:11224:0101/155055:INFO:UIRender.cpp(1160)] --UIRender DrawImage return false, hBitmap==NULL, sImageName:
[7588:11224:0101/155055:INFO:UIRender.cpp(1160)] --UIRender DrawImage return false, hBitmap==NULL, sImageName:
[7588:11224:0101/155055:INFO:UIRender.cpp(1160)] --UIRender DrawImage return false, hBitmap==NULL, sImageName:
[7588:11224:0101/155055:INFO:UIRender.cpp(1160)] --UIRender DrawImage return false, hBitmap==NULL, sImageName:
[7588:11224:0101/155055:INFO:UIRender.cpp(1160)] --UIRender DrawImage return false, hBitmap==NULL, sImageName:
[7588:11224:0101/155055:INFO:UIRender.cpp(1160)] --UIRender DrawImage return false, hBitmap==NULL, sImageName:
[7588:11224:0101/155055:INFO:UIRender.cpp(1160)] --UIRender DrawImage return false, hBitmap==NULL, sImageName:
[7588:11224:0101/155055:INFO:UIRender.cpp(1160)] --UIRender DrawImage return false, hBitmap==NULL, sImageName:
[7588:11224:0101/155055:INFO:UIRender.cpp(1160)] --UIRender DrawImage return false, hBitmap==NULL, sImageName:
[7588:11224:0101/155055:INFO:UIRender.cpp(1160)] --UIRender DrawImage return false, hBitmap==NULL, sImageName:
[7588:11224:0101/155055:INFO:UIRender.cpp(1160)] --UIRender DrawImage return false, hBitmap==NULL, sImageName:
[7588:11224:0101/155055:INFO:UIRender.cpp(1160)] --UIRender DrawImage return false, hBitmap==NULL, sImageName:
[7588:11224:0101/155055:INFO:UIRender.cpp(1160)] --UIRender DrawImage return false, hBitmap==NULL, sImageName:
[7588:11224:0101/155055:INFO:UIRender.cpp(1160)] --UIRender DrawImage return false, hBitmap==NULL, sImageName:
[7588:11224:0101/155055:INFO:UIRender.cpp(1160)] --UIRender DrawImage return false, hBitmap==NULL, sImageName:
[7588:11224:0101/155055:INFO:UIRender.cpp(1160)] --UIRender DrawImage return false, hBitmap==NULL, sImageName:
[7588:11224:0101/155055:INFO:UIRender.cpp(1160)] --UIRender DrawImage return false, hBitmap==NULL, sImageName:
[7588:11224:0101/155055:INFO:UIRender.cpp(1160)] --UIRender DrawImage return false, hBitmap==NULL, sImageName:
[7588:11224:0101/155055:INFO:UIRender.cpp(1160)] --UIRender DrawImage return false, hBitmap==NULL, sImageName:
[7588:11224:0101/155055:INFO:UIRender.cpp(1160)] --UIRender DrawImage return false, hBitmap==NULL, sImageName:
[7588:11224:0101/155055:INFO:UIRender.cpp(1160)] --UIRender DrawImage return false, hBitmap==NULL, sImageName:
[7588:11224:0101/155055:INFO:UIRender.cpp(1160)] --UIRender DrawImage return false, hBitmap==NULL, sImageName:
[7588:11224:0101/155055:INFO:UIRender.cpp(1160)] --UIRender DrawImage return false, hBitmap==NULL, sImageName:
[7588:11224:0101/155055:INFO:UIRender.cpp(1160)] --UIRender DrawImage return false, hBitmap==NULL, sImageName:
[7588:11224:0101/155055:INFO:UIRender.cpp(1160)] --UIRender DrawImage return false, hBitmap==NULL, sImageName:
[7588:11224:0101/155055:INFO:UIRender.cpp(1160)] --UIRender DrawImage return false, hBitmap==NULL, sImageName:
[7588:11224:0101/155055:INFO:UIRender.cpp(1160)] --UIRender DrawImage return false, hBitmap==NULL, sImageName:
[7588:11224:0101/155055:INFO:UIRender.cpp(1160)] --UIRender DrawImage return false, hBitmap==NULL, sImageName:
[7588:11224:0101/155055:INFO:UIRender.cpp(1160)] --UIRender DrawImage return false, hBitmap==NULL, sImageName:
[7588:11224:0101/155055:INFO:UIRender.cpp(1160)] --UIRender DrawImage return false, hBitmap==NULL, sImageName:
[7588:11224:0101/155055:INFO:UIRender.cpp(1160)] --UIRender DrawImage return false, hBitmap==NULL, sImageName:
[7588:11224:0101/155055:INFO:UIRender.cpp(1160)] --UIRender DrawImage return false, hBitmap==NULL, sImageName:
[7588:11224:0101/155055:INFO:UIRender.cpp(1160)] --UIRender DrawImage return false, hBitmap==NULL, sImageName:
[7588:11224:0101/155055:INFO:UIRender.cpp(1160)] --UIRender DrawImage return false, hBitmap==NULL, sImageName:
[7588:11224:0101/155055:INFO:UIRender.cpp(1160)] --UIRender DrawImage return false, hBitmap==NULL, sImageName:
[7588:11224:0101/155055:INFO:UIRender.cpp(1160)] --UIRender DrawImage return false, hBitmap==NULL, sImageName:
[7588:11224:0101/155055:INFO:UIRender.cpp(1160)] --UIRender DrawImage return false, hBitmap==NULL, sImageName:
[7588:11224:0101/155055:INFO:UIRender.cpp(1160)] --UIRender DrawImage return false, hBitmap==NULL, sImageName:
[7588:11224:0101/155055:INFO:UIRender.cpp(1160)] --UIRender DrawImage return false, hBitmap==NULL, sImageName:
[7588:11224:0101/155055:INFO:UIRender.cpp(1160)] --UIRender DrawImage return false, hBitmap==NULL, sImageName:
[7588:11224:0101/155055:INFO:UIRender.cpp(1160)] --UIRender DrawImage return false, hBitmap==NULL, sImageName:
[7588:11224:0101/155055:INFO:UIRender.cpp(1160)] --UIRender DrawImage return false, hBitmap==NULL, sImageName:
[7588:11224:0101/155055:INFO:UIRender.cpp(1160)] --UIRender DrawImage return false, hBitmap==NULL, sImageName:
[7588:11224:0101/155055:INFO:UIRender.cpp(1160)] --UIRender DrawImage return false, hBitmap==NULL, sImageName:
[7588:11224:0101/155055:INFO:UIRender.cpp(1160)] --UIRender DrawImage return false, hBitmap==NULL, sImageName:
[7588:11224:0101/155055:INFO:UIRender.cpp(1160)] --UIRender DrawImage return false, hBitmap==NULL, sImageName:
[7588:11224:0101/155055:INFO:UIRender.cpp(1160)] --UIRender DrawImage return false, hBitmap==NULL, sImageName:
[7588:11224:0101/155055:INFO:UIRender.cpp(1160)] --UIRender DrawImage return false, hBitmap==NULL, sImageName:
[7588:11224:0101/155055:INFO:UIRender.cpp(1160)] --UIRender DrawImage return false, hBitmap==NULL, sImageName:
[7588:11224:0101/155055:INFO:UIRender.cpp(1160)] --UIRender DrawImage return false, hBitmap==NULL, sImageName:
[7588:11224:0101/155055:INFO:UIRender.cpp(1160)] --UIRender DrawImage return false, hBitmap==NULL, sImageName:
[7588:11224:0101/155055:INFO:UIRender.cpp(1160)] --UIRender DrawImage return false, hBitmap==NULL, sImageName:
[7588:11224:0101/155055:INFO:UIRender.cpp(1160)] --UIRender DrawImage return false, hBitmap==NULL, sImageName:
[7588:11224:0101/155055:INFO:UIRender.cpp(1160)] --UIRender DrawImage return false, hBitmap==NULL, sImageName:
[7588:11224:0101/155055:INFO:UIRender.cpp(1160)] --UIRender DrawImage return false, hBitmap==NULL, sImageName:
[7588:11224:0101/155055:INFO:UIRender.cpp(1160)] --UIRender DrawImage return false, hBitmap==NULL, sImageName:
[7588:11224:0101/155055:INFO:UIRender.cpp(1160)] --UIRender DrawImage return false, hBitmap==NULL, sImageName:
[7588:11224:0101/155055:INFO:UIRender.cpp(1160)] --UIRender DrawImage return false, hBitmap==NULL, sImageName:
[7588:11224:0101/155055:INFO:UIRender.cpp(1160)] --UIRender DrawImage return false, hBitmap==NULL, sImageName:
[7588:11224:0101/155055:INFO:UIRender.cpp(1160)] --UIRender DrawImage return false, hBitmap==NULL, sImageName:
[7588:11224:0101/155055:INFO:UIRender.cpp(1160)] --UIRender DrawImage return false, hBitmap==NULL, sImageName:
[7588:11224:0101/155055:INFO:UIRender.cpp(1160)] --UIRender DrawImage return false, hBitmap==NULL, sImageName:
[7588:11224:0101/155055:INFO:UIRender.cpp(1160)] --UIRender DrawImage return false, hBitmap==NULL, sImageName:
[7588:11224:0101/155055:INFO:UIRender.cpp(1160)] --UIRender DrawImage return false, hBitmap==NULL, sImageName:
[7588:11224:0101/155055:INFO:UIRender.cpp(1160)] --UIRender DrawImage return false, hBitmap==NULL, sImageName:
[7588:11224:0101/155055:INFO:UIRender.cpp(1160)] --UIRender DrawImage return false, hBitmap==NULL, sImageName:
[7588:11224:0101/155055:INFO:UIRender.cpp(1160)] --UIRender DrawImage return false, hBitmap==NULL, sImageName:
[7588:11224:0101/155055:INFO:UIRender.cpp(1160)] --UIRender DrawImage return false, hBitmap==NULL, sImageName:
[7588:11224:0101/155055:INFO:UIRender.cpp(1160)] --UIRender DrawImage return false, hBitmap==NULL, sImageName:
[7588:11224:0101/155055:INFO:UIRender.cpp(1160)] --UIRender DrawImage return false, hBitmap==NULL, sImageName:
[7588:11224:0101/155055:INFO:UIRender.cpp(1160)] --UIRender DrawImage return false, hBitmap==NULL, sImageName:
[7588:11224:0101/155055:INFO:UIRender.cpp(1160)] --UIRender DrawImage return false, hBitmap==NULL, sImageName:
[7588:11224:0101/155055:INFO:UIRender.cpp(1160)] --UIRender DrawImage return false, hBitmap==NULL, sImageName:
[7588:11224:0101/155055:INFO:UIRender.cpp(1160)] --UIRender DrawImage return false, hBitmap==NULL, sImageName:
[7588:11224:0101/155055:INFO:UIRender.cpp(1160)] --UIRender DrawImage return false, hBitmap==NULL, sImageName:
[7588:11224:0101/155055:INFO:UIRender.cpp(1160)] --UIRender DrawImage return false, hBitmap==NULL, sImageName:
[7588:11224:0101/155055:INFO:UIRender.cpp(1160)] --UIRender DrawImage return false, hBitmap==NULL, sImageName:
[7588:11224:0101/155055:INFO:UIRender.cpp(1160)] --UIRender DrawImage return false, hBitmap==NULL, sImageName:
[7588:11224:0101/155055:INFO:UIRender.cpp(1160)] --UIRender DrawImage return false, hBitmap==NULL, sImageName:
[7588:11224:0101/155055:INFO:UIRender.cpp(1160)] --UIRender DrawImage return false, hBitmap==NULL, sImageName:
[7588:11224:0101/155055:INFO:UIRender.cpp(1160)] --UIRender DrawImage return false, hBitmap==NULL, sImageName:
[7588:11224:0101/155055:INFO:UIRender.cpp(1160)] --UIRender DrawImage return false, hBitmap==NULL, sImageName:
[7588:11224:0101/155055:INFO:UIRender.cpp(1160)] --UIRender DrawImage return false, hBitmap==NULL, sImageName:
[7588:11224:0101/155055:INFO:UIRender.cpp(1160)] --UIRender DrawImage return false, hBitmap==NULL, sImageName:
[7588:11224:0101/155055:INFO:UIRender.cpp(1160)] --UIRender DrawImage return false, hBitmap==NULL, sImageName:
[7588:11224:0101/155055:INFO:UIRender.cpp(1160)] --UIRender DrawImage return false, hBitmap==NULL, sImageName:
[7588:11224:0101/155055:INFO:UIRender.cpp(1160)] --UIRender DrawImage return false, hBitmap==NULL, sImageName:
[7588:11224:0101/155055:INFO:UIRender.cpp(1160)] --UIRender DrawImage return false, hBitmap==NULL, sImageName:
[7588:11224:0101/155055:INFO:UIRender.cpp(1160)] --UIRender DrawImage return false, hBitmap==NULL, sImageName:
[7588:11224:0101/155055:INFO:UIRender.cpp(1160)] --UIRender DrawImage return false, hBitmap==NULL, sImageName:
[7588:11224:0101/155055:INFO:UIRender.cpp(1160)] --UIRender DrawImage return false, hBitmap==NULL, sImageName:
[7588:11224:0101/155055:INFO:UIRender.cpp(1160)] --UIRender DrawImage return false, hBitmap==NULL, sImageName:
[7588:11224:0101/155056:INFO:UIRender.cpp(1160)] --UIRender DrawImage return false, hBitmap==NULL, sImageName:
[7588:11224:0101/155056:INFO:UIRender.cpp(1160)] --UIRender DrawImage return false, hBitmap==NULL, sImageName:
[7588:11224:0101/155056:INFO:UIRender.cpp(1160)] --UIRender DrawImage return false, hBitmap==NULL, sImageName:
[7588:11224:0101/155056:INFO:UIRender.cpp(1160)] --UIRender DrawImage return false, hBitmap==NULL, sImageName:
[7588:11224:0101/155056:INFO:UIRender.cpp(1160)] --UIRender DrawImage return false, hBitmap==NULL, sImageName:
[7588:11224:0101/155056:INFO:UIRender.cpp(1160)] --UIRender DrawImage return false, hBitmap==NULL, sImageName:
[7588:11224:0101/155056:INFO:UIRender.cpp(1160)] --UIRender DrawImage return false, hBitmap==NULL, sImageName:
[7588:11224:0101/155056:INFO:UIRender.cpp(1160)] --UIRender DrawImage return false, hBitmap==NULL, sImageName:
[7588:11224:0101/155056:INFO:UIRender.cpp(1160)] --UIRender DrawImage return false, hBitmap==NULL, sImageName:
[7588:11224:0101/155056:INFO:UIRender.cpp(1160)] --UIRender DrawImage return false, hBitmap==NULL, sImageName:
[7588:11224:0101/155056:INFO:UIRender.cpp(1160)] --UIRender DrawImage return false, hBitmap==NULL, sImageName:
[7588:11224:0101/155056:INFO:UIRender.cpp(1160)] --UIRender DrawImage return false, hBitmap==NULL, sImageName:
[7588:11224:0101/155056:INFO:UIRender.cpp(1160)] --UIRender DrawImage return false, hBitmap==NULL, sImageName:
[7588:11224:0101/155056:INFO:UIRender.cpp(1160)] --UIRender DrawImage return false, hBitmap==NULL, sImageName:
[7588:11224:0101/155056:INFO:UIRender.cpp(1160)] --UIRender DrawImage return false, hBitmap==NULL, sImageName:
[7588:11224:0101/155056:INFO:UIRender.cpp(1160)] --UIRender DrawImage return false, hBitmap==NULL, sImageName:
[7588:11224:0101/155056:INFO:UIRender.cpp(1160)] --UIRender DrawImage return false, hBitmap==NULL, sImageName:
[7588:11224:0101/155056:INFO:UIRender.cpp(1160)] --UIRender DrawImage return false, hBitmap==NULL, sImageName:
[7588:11224:0101/155056:INFO:UIRender.cpp(1160)] --UIRender DrawImage return false, hBitmap==NULL, sImageName:
[7588:11224:0101/155056:INFO:UIRender.cpp(1160)] --UIRender DrawImage return false, hBitmap==NULL, sImageName:
[7588:11224:0101/155056:INFO:UIRender.cpp(1160)] --UIRender DrawImage return false, hBitmap==NULL, sImageName:
[7588:11224:0101/155056:INFO:UIRender.cpp(1160)] --UIRender DrawImage return false, hBitmap==NULL, sImageName:
[7588:11224:0101/155056:INFO:UIRender.cpp(1160)] --UIRender DrawImage return false, hBitmap==NULL, sImageName:
[7588:11224:0101/155056:INFO:UIRender.cpp(1160)] --UIRender DrawImage return false, hBitmap==NULL, sImageName:
[7588:11224:0101/155056:INFO:UIRender.cpp(1160)] --UIRender DrawImage return false, hBitmap==NULL, sImageName:
[7588:11224:0101/155056:INFO:UIRender.cpp(1160)] --UIRender DrawImage return false, hBitmap==NULL, sImageName:
[7588:11224:0101/155056:INFO:UIRender.cpp(1160)] --UIRender DrawImage return false, hBitmap==NULL, sImageName:
[7588:11224:0101/155056:INFO:UIRender.cpp(1160)] --UIRender DrawImage return false, hBitmap==NULL, sImageName:
[7588:11224:0101/155056:INFO:UIRender.cpp(1160)] --UIRender DrawImage return false, hBitmap==NULL, sImageName:
[7588:11224:0101/155056:INFO:UIRender.cpp(1160)] --UIRender DrawImage return false, hBitmap==NULL, sImageName:
[7588:11224:0101/155056:INFO:UIRender.cpp(1160)] --UIRender DrawImage return false, hBitmap==NULL, sImageName:
[7588:11224:0101/155056:INFO:UIRender.cpp(1160)] --UIRender DrawImage return false, hBitmap==NULL, sImageName:
[7588:11224:0101/155056:INFO:UIRender.cpp(1160)] --UIRender DrawImage return false, hBitmap==NULL, sImageName:
[7588:11224:0101/155056:INFO:UIRender.cpp(1160)] --UIRender DrawImage return false, hBitmap==NULL, sImageName:
[7588:11224:0101/155056:INFO:UIRender.cpp(1160)] --UIRender DrawImage return false, hBitmap==NULL, sImageName:
[7588:11224:0101/155056:INFO:UIRender.cpp(1160)] --UIRender DrawImage return false, hBitmap==NULL, sImageName:
[7588:11224:0101/155058:INFO:AppRunner.cpp(720)] loop exit geeplayer call main plugin DestoryPluginEntry
[7588:11224:0101/155058:INFO:PluginDevelopAssistant.cpp(115)] real plugin mainPlugin call DestroyPlugin
[7588:11224:0101/155058:INFO:IPlugin.cpp(31)] destruct plugin mainPlugin
[7588:11224:0101/155058:INFO:serviceManager.cpp(1353)] mainPlugin plugin had destroy by DestructPlugin
[7588:11224:0101/155058:INFO:serviceManager.cpp(1906)] DestructManager begin
[7588:11224:0101/155058:INFO:IPlugin.cpp(31)] destruct plugin PluginServerStatePlugin
[7588:11224:0101/155058:INFO:PluginDevelopAssistant.cpp(295)] real plugin PluginServerStatePlugin call DestroyPlugin
[7588:11224:0101/155058:INFO:serviceManager.cpp(1353)] PluginServerStatePlugin plugin had destroy by DestructPlugin
[7588:11224:0101/155058:INFO:serviceManager.cpp(1759)] DeleteLeftPlugins begin
[7588:11224:0101/155058:INFO:serviceManager.cpp(1822)] DeleteLeftPlugins end
[7588:11224:0101/155058:INFO:serviceManager.cpp(508)] mainprocessisrunning key is set as 0
[7588:11224:0101/155058:INFO:AppRunner.cpp(735)] close mutex of process geeplayer
[7588:11224:0101/155058:INFO:AppRunner.cpp(743)] run process geeplayer end
